2019-02-28 10:45:23,594 - BrowserEngin - INFO - 选择Chrome浏览器
2019-02-28 10:45:23,595 - BrowserEngin - INFO - 测试URL是:http://127.0.0.1/forum.php
2019-02-28 10:45:25,235 - BrowserEngin - INFO - 启动谷歌浏览器
2019-02-28 10:45:25,904 - BrowserEngin - INFO - 打开：http://127.0.0.1/forum.php
2019-02-28 10:45:26,302 - BrowserEngin - INFO - 窗口最大化
2019-02-28 10:45:26,306 - BrowserEngin - INFO - 等待10秒
2019-02-28 10:45:26,538 - BasePage - INFO - da打开站点
2019-02-28 10:45:29,763 - BasePage - INFO - 输入内容admin
2019-02-28 10:45:29,900 - BasePage - INFO - 输入内容root
2019-02-28 10:45:33,057 - BasePage - INFO - 已点击
2019-02-28 10:45:38,731 - BasePage - INFO - 已点击
2019-02-28 10:45:39,083 - BasePage - INFO - 输入内容wwwwwwwwwwwwww
2019-02-28 10:45:39,443 - BasePage - INFO - 输入内容内容我佛of上峰水ddd泥烦恼是的烦恼是你看看是
2019-02-28 10:45:40,832 - BasePage - INFO - 已点击
2019-02-28 10:45:41,049 - BasePage - INFO - 输入内容拉拉阿拉啦啦啦
2019-02-28 10:45:41,524 - BasePage - INFO - 已点击
2019-02-28 10:45:41,794 - BasePage - INFO - 已点击
2019-02-28 10:45:41,795 - BrowserEngin - INFO - 选择Chrome浏览器
2019-02-28 10:45:41,795 - BrowserEngin - INFO - 测试URL是:http://127.0.0.1/forum.php
2019-02-28 10:45:43,580 - BrowserEngin - INFO - 启动谷歌浏览器
2019-02-28 10:45:44,461 - BrowserEngin - INFO - 打开：http://127.0.0.1/forum.php
2019-02-28 10:45:44,856 - BrowserEngin - INFO - 窗口最大化
2019-02-28 10:45:44,859 - BrowserEngin - INFO - 等待10秒
2019-02-28 10:45:45,151 - BasePage - INFO - da打开站点
2019-02-28 10:45:48,372 - BasePage - INFO - 输入内容admin
2019-02-28 10:45:48,520 - BasePage - INFO - 输入内容root
2019-02-28 10:45:51,700 - BasePage - INFO - 已点击
2019-02-28 10:45:57,337 - BasePage - INFO - 已点击
2019-02-28 10:45:57,584 - BasePage - INFO - 已点击
2019-02-28 10:45:58,426 - BasePage - INFO - 已点击
2019-02-28 10:45:59,203 - BasePage - INFO - 已点击
2019-02-28 10:45:59,532 - BasePage - INFO - 已点击
2019-02-28 10:46:04,760 - BasePage - INFO - 已点击
2019-02-28 10:46:05,323 - BasePage - INFO - 已点击
2019-02-28 10:46:05,743 - BasePage - INFO - 已点击
2019-02-28 10:46:09,187 - BasePage - INFO - 已点击
2019-02-28 10:46:11,735 - BasePage - INFO - 输入内容wangwei
2019-02-28 10:46:11,928 - BasePage - INFO - 输入内容weishu0124
2019-02-28 10:46:15,111 - BasePage - INFO - 已点击
2019-02-28 10:46:16,167 - BasePage - INFO - 已点击
2019-02-28 10:46:16,619 - BasePage - INFO - 已点击
2019-02-28 10:46:16,948 - BasePage - INFO - 输入内容1111111111111111111
2019-02-28 10:46:17,282 - BasePage - INFO - 输入内容2222222222222222222222222
2019-02-28 10:46:18,700 - BasePage - INFO - 已点击
2019-02-28 10:46:18,916 - BasePage - INFO - 输入内容我已经回复了啦
2019-02-28 10:46:19,335 - BasePage - INFO - 已点击
2019-02-28 10:46:19,767 - BasePage - INFO - 已点击
2019-02-28 10:46:19,769 - BrowserEngin - INFO - 选择Chrome浏览器
2019-02-28 10:46:19,770 - BrowserEngin - INFO - 测试URL是:http://127.0.0.1/forum.php
2019-02-28 10:46:21,325 - BrowserEngin - INFO - 启动谷歌浏览器
2019-02-28 10:46:22,813 - BrowserEngin - INFO - 打开：http://127.0.0.1/forum.php
2019-02-28 10:46:23,273 - BrowserEngin - INFO - 窗口最大化
2019-02-28 10:46:23,275 - BrowserEngin - INFO - 等待10秒
2019-02-28 10:46:23,544 - BasePage - INFO - da打开站点
2019-02-28 10:46:26,762 - BasePage - INFO - 输入内容wangwei
2019-02-28 10:46:26,947 - BasePage - INFO - 输入内容weishu0124
2019-02-28 10:46:30,103 - BasePage - INFO - 已点击
2019-02-28 10:46:33,298 - BasePage - INFO - 输入内容haotest
2019-02-28 10:46:33,468 - BasePage - INFO - 已点击
2019-02-28 10:46:38,688 - BasePage - INFO - 已点击
2019-02-28 10:46:53,820 - BrowserEngin - INFO - 选择Chrome浏览器
2019-02-28 10:46:53,820 - BrowserEngin - INFO - 测试URL是:http://127.0.0.1/forum.php
2019-02-28 10:46:55,376 - BrowserEngin - INFO - 启动谷歌浏览器
2019-02-28 10:46:56,267 - BrowserEngin - INFO - 打开：http://127.0.0.1/forum.php
2019-02-28 10:46:56,732 - BrowserEngin - INFO - 窗口最大化
2019-02-28 10:46:56,734 - BrowserEngin - INFO - 等待10秒
2019-02-28 10:46:56,960 - BasePage - INFO - da打开站点
2019-02-28 10:47:00,464 - BasePage - INFO - 输入内容wangwei
2019-02-28 10:47:00,666 - BasePage - INFO - 输入内容weishu0124
2019-02-28 10:47:03,816 - BasePage - INFO - 已点击
2019-02-28 10:47:09,444 - BasePage - INFO - 已点击
2019-02-28 10:47:10,278 - BasePage - INFO - 已点击
2019-02-28 10:47:14,045 - BasePage - INFO - 已点击
2019-02-28 10:47:14,395 - BasePage - INFO - 输入内容kkkkkkkkkkkkkkkk
2019-02-28 10:47:14,645 - BasePage - INFO - 输入内容2222222222
2019-02-28 10:47:14,874 - BasePage - INFO - 输入内容3333333333
2019-02-28 10:47:15,106 - BasePage - INFO - 输入内容44444444444
2019-02-28 10:47:15,340 - BasePage - INFO - 已点击
2019-02-28 10:47:30,511 - BasePage - INFO - 已点击
2019-02-28 10:47:31,436 - BasePage - INFO - 已点击
2019-02-28 10:47:31,543 - BasePage - INFO - 以获取
2019-02-28 10:47:31,646 - BasePage - INFO - 以获取
2019-02-28 10:47:31,751 - BasePage - INFO - 以获取
2019-02-28 10:47:31,847 - BasePage - INFO - 以获取
2019-02-28 10:47:31,939 - BasePage - INFO - 以获取
2019-02-28 10:47:32,043 - BasePage - INFO - 以获取
2019-02-28 10:47:32,134 - BasePage - INFO - 以获取
