2019-02-27 22:43:23,626 - BrowserEngin - INFO - 选择Chrome浏览器
2019-02-27 22:43:23,626 - BrowserEngin - INFO - 测试URL是:http://127.0.0.1/forum.php
2019-02-27 22:43:26,029 - BrowserEngin - INFO - 启动谷歌浏览器
2019-02-27 22:43:27,019 - BrowserEngin - INFO - 打开：http://127.0.0.1/forum.php
2019-02-27 22:43:27,566 - BrowserEngin - INFO - 窗口最大化
2019-02-27 22:43:27,571 - BrowserEngin - INFO - 等待10秒
2019-02-27 22:43:27,831 - BasePage - INFO - da打开站点
2019-02-27 22:43:31,073 - BasePage - INFO - 输入内容wangwei
2019-02-27 22:43:31,292 - BasePage - INFO - 输入内容weishu0124
2019-02-27 22:43:34,558 - BasePage - INFO - 已点击
2019-02-27 22:43:40,364 - BasePage - INFO - 已点击
2019-02-27 22:43:41,253 - BasePage - INFO - 已点击
2019-02-27 22:43:45,094 - BasePage - INFO - 已点击
2019-02-27 22:43:45,404 - BasePage - INFO - 输入内容666asbdahdhsb
2019-02-27 22:43:45,667 - BasePage - INFO - 输入内容2222222222
2019-02-27 22:43:45,926 - BasePage - INFO - 输入内容3333333333
2019-02-27 22:43:46,176 - BasePage - INFO - 输入内容44444444444
2019-02-27 22:43:46,409 - BasePage - INFO - 已点击
2019-02-27 22:44:01,635 - BasePage - INFO - 已点击
2019-02-27 22:44:02,992 - BasePage - INFO - 已点击
