2019-02-28 11:24:31,310 - BrowserEngin - INFO - 选择Chrome浏览器
2019-02-28 11:24:31,310 - BrowserEngin - INFO - 测试URL是:http://127.0.0.1/forum.php
2019-02-28 11:24:33,058 - BrowserEngin - INFO - 启动谷歌浏览器
2019-02-28 11:24:33,990 - BrowserEngin - INFO - 打开：http://127.0.0.1/forum.php
2019-02-28 11:24:34,432 - BrowserEngin - INFO - 窗口最大化
2019-02-28 11:24:34,436 - BrowserEngin - INFO - 等待10秒
2019-02-28 11:24:34,707 - BasePage - INFO - da打开站点
2019-02-28 11:24:37,933 - BasePage - INFO - 输入内容wangwei
2019-02-28 11:24:38,116 - BasePage - INFO - 输入内容weishu0124
2019-02-28 11:24:41,282 - BasePage - INFO - 已点击
2019-02-28 11:24:46,918 - BasePage - INFO - 已点击
2019-02-28 11:24:47,808 - BasePage - INFO - 已点击
2019-02-28 11:24:51,614 - BasePage - INFO - 已点击
2019-02-28 11:24:51,929 - BasePage - INFO - 输入内容kkkkkkkkkkkkkkkk
2019-02-28 11:24:52,192 - BasePage - INFO - 输入内容2222222222
2019-02-28 11:24:52,498 - BasePage - INFO - 输入内容3333333333
2019-02-28 11:24:52,815 - BasePage - INFO - 输入内容44444444444
2019-02-28 11:24:53,102 - BasePage - INFO - 已点击
2019-02-28 11:25:08,252 - BasePage - INFO - 已点击
2019-02-28 11:25:09,329 - BasePage - INFO - 已点击
2019-02-28 11:25:09,478 - BasePage - INFO - 以获取
2019-02-28 11:25:09,594 - BasePage - INFO - 以获取
2019-02-28 11:25:09,691 - BasePage - INFO - 以获取
2019-02-28 11:25:09,796 - BasePage - INFO - 以获取
2019-02-28 11:25:09,895 - BasePage - INFO - 以获取
2019-02-28 11:25:10,002 - BasePage - INFO - 以获取
2019-02-28 11:25:10,106 - BasePage - INFO - 以获取
