2019-02-28 10:12:29,195 - BrowserEngin - INFO - 选择Chrome浏览器
2019-02-28 10:12:29,195 - BrowserEngin - INFO - 测试URL是:http://127.0.0.1/forum.php
2019-02-28 10:12:30,763 - BrowserEngin - INFO - 启动谷歌浏览器
2019-02-28 10:12:31,629 - BrowserEngin - INFO - 打开：http://127.0.0.1/forum.php
2019-02-28 10:12:32,072 - BrowserEngin - INFO - 窗口最大化
2019-02-28 10:12:32,078 - BrowserEngin - INFO - 等待10秒
2019-02-28 10:12:32,335 - BasePage - INFO - da打开站点
2019-02-28 10:12:35,561 - BasePage - INFO - 输入内容wangwei
2019-02-28 10:12:35,740 - BasePage - INFO - 输入内容weishu0124
2019-02-28 10:12:38,890 - BasePage - INFO - 已点击
2019-02-28 10:12:44,523 - BasePage - INFO - 已点击
2019-02-28 10:12:45,217 - BasePage - INFO - 已点击
2019-02-28 10:12:48,960 - BasePage - INFO - 已点击
2019-02-28 10:12:49,306 - BasePage - INFO - 输入内容kkkkkkkkkkkkkkkk
2019-02-28 10:12:49,535 - BasePage - INFO - 输入内容2222222222
2019-02-28 10:12:49,759 - BasePage - INFO - 输入内容3333333333
2019-02-28 10:12:50,003 - BasePage - INFO - 输入内容44444444444
2019-02-28 10:12:50,211 - BasePage - INFO - 已点击
2019-02-28 10:13:05,373 - BasePage - INFO - 已点击
2019-02-28 10:13:06,416 - BasePage - INFO - 已点击
2019-02-28 10:13:06,536 - BasePage - INFO - 以获取
2019-02-28 10:13:06,649 - BasePage - INFO - 以获取
2019-02-28 10:13:06,734 - BasePage - INFO - 以获取
2019-02-28 10:13:06,828 - BasePage - INFO - 以获取
2019-02-28 10:13:06,922 - BasePage - INFO - 以获取
2019-02-28 10:13:07,020 - BasePage - INFO - 以获取
2019-02-28 10:13:07,108 - BasePage - INFO - 以获取
