2019-02-28 10:23:21,365 - BrowserEngin - INFO - 选择Chrome浏览器
2019-02-28 10:23:21,365 - BrowserEngin - INFO - 测试URL是:http://127.0.0.1/forum.php
2019-02-28 10:23:23,068 - BrowserEngin - INFO - 启动谷歌浏览器
2019-02-28 10:23:23,945 - BrowserEngin - INFO - 打开：http://127.0.0.1/forum.php
2019-02-28 10:23:24,340 - BrowserEngin - INFO - 窗口最大化
2019-02-28 10:23:24,342 - BrowserEngin - INFO - 等待10秒
2019-02-28 10:23:24,614 - BasePage - INFO - da打开站点
2019-02-28 10:23:27,845 - BasePage - INFO - 输入内容admin
2019-02-28 10:23:27,995 - BasePage - INFO - 输入内容root
2019-02-28 10:23:31,180 - BasePage - INFO - 已点击
2019-02-28 10:23:36,834 - BasePage - INFO - 已点击
2019-02-28 10:23:37,139 - BasePage - INFO - 输入内容标题121212dd12
2019-02-28 10:23:37,533 - BasePage - INFO - 输入内容内容我佛of上峰水ddd泥烦恼是的烦恼是你看看是
2019-02-28 10:23:37,711 - BasePage - INFO - 已点击
2019-02-28 10:23:37,895 - BasePage - INFO - 输入内容拉拉阿拉啦啦啦
2019-02-28 10:23:48,446 - BasePage - ERROR - <pageobjects.Disscuz_homepage.HomePage object at 0x0000000003691F60>页面未能找到('css selector', '.plc button') 元素
2019-02-28 10:23:48,447 - BasePage - ERROR - 未点击'NoneType' object has no attribute 'click'
2019-02-28 10:23:48,926 - BasePage - INFO - 已点击
2019-02-28 10:23:48,929 - BrowserEngin - INFO - 选择Chrome浏览器
2019-02-28 10:23:48,929 - BrowserEngin - INFO - 测试URL是:http://127.0.0.1/forum.php
2019-02-28 10:23:50,549 - BrowserEngin - INFO - 启动谷歌浏览器
2019-02-28 10:23:51,567 - BrowserEngin - INFO - 打开：http://127.0.0.1/forum.php
2019-02-28 10:23:51,979 - BrowserEngin - INFO - 窗口最大化
2019-02-28 10:23:51,983 - BrowserEngin - INFO - 等待10秒
2019-02-28 10:23:52,215 - BasePage - INFO - da打开站点
2019-02-28 10:23:55,411 - BasePage - INFO - 输入内容admin
2019-02-28 10:23:55,566 - BasePage - INFO - 输入内容root
2019-02-28 10:23:58,735 - BasePage - INFO - 已点击
2019-02-28 10:24:04,371 - BasePage - INFO - 已点击
2019-02-28 10:24:04,633 - BasePage - INFO - 已点击
2019-02-28 10:24:05,664 - BasePage - INFO - 已点击
2019-02-28 10:24:06,622 - BasePage - INFO - 已点击
2019-02-28 10:24:06,900 - BasePage - INFO - 已点击
2019-02-28 10:24:22,460 - BasePage - ERROR - <pageobjects.Disscuz_homepage.HomePage object at 0x0000000003691F60>页面未能找到('id', 'header_forum') 元素
2019-02-28 10:24:22,460 - BasePage - ERROR - 未点击'NoneType' object has no attribute 'click'
2019-02-28 10:24:22,531 - BrowserEngin - INFO - 选择Chrome浏览器
2019-02-28 10:24:22,532 - BrowserEngin - INFO - 测试URL是:http://127.0.0.1/forum.php
2019-02-28 10:24:23,982 - BrowserEngin - INFO - 启动谷歌浏览器
2019-02-28 10:24:24,741 - BrowserEngin - INFO - 打开：http://127.0.0.1/forum.php
2019-02-28 10:24:25,149 - BrowserEngin - INFO - 窗口最大化
2019-02-28 10:24:25,152 - BrowserEngin - INFO - 等待10秒
2019-02-28 10:24:25,397 - BasePage - INFO - da打开站点
2019-02-28 10:24:28,595 - BasePage - INFO - 输入内容wangwei
2019-02-28 10:24:28,790 - BasePage - INFO - 输入内容weishu0124
2019-02-28 10:24:31,974 - BasePage - INFO - 已点击
2019-02-28 10:24:35,188 - BasePage - INFO - 输入内容haotest
2019-02-28 10:24:35,376 - BasePage - INFO - 已点击
2019-02-28 10:24:40,624 - BasePage - INFO - 已点击
2019-02-28 10:24:46,096 - BasePage - INFO - 已点击
2019-02-28 10:24:46,097 - BrowserEngin - INFO - 选择Chrome浏览器
2019-02-28 10:24:46,097 - BrowserEngin - INFO - 测试URL是:http://127.0.0.1/forum.php
2019-02-28 10:24:47,663 - BrowserEngin - INFO - 启动谷歌浏览器
2019-02-28 10:24:48,567 - BrowserEngin - INFO - 打开：http://127.0.0.1/forum.php
2019-02-28 10:24:49,069 - BrowserEngin - INFO - 窗口最大化
2019-02-28 10:24:49,073 - BrowserEngin - INFO - 等待10秒
2019-02-28 10:24:49,380 - BasePage - INFO - da打开站点
2019-02-28 10:24:52,613 - BasePage - INFO - 输入内容wangwei
2019-02-28 10:24:52,792 - BasePage - INFO - 输入内容weishu0124
2019-02-28 10:24:55,939 - BasePage - INFO - 已点击
2019-02-28 10:25:01,570 - BasePage - INFO - 已点击
2019-02-28 10:25:02,400 - BasePage - INFO - 已点击
2019-02-28 10:25:06,163 - BasePage - INFO - 已点击
2019-02-28 10:25:06,519 - BasePage - INFO - 输入内容kkkkkkkkkkkkkkkk
2019-02-28 10:25:06,751 - BasePage - INFO - 输入内容2222222222
2019-02-28 10:25:06,976 - BasePage - INFO - 输入内容3333333333
2019-02-28 10:25:07,201 - BasePage - INFO - 输入内容44444444444
2019-02-28 10:25:07,414 - BasePage - INFO - 已点击
2019-02-28 10:25:22,589 - BasePage - INFO - 已点击
2019-02-28 10:25:23,563 - BasePage - INFO - 已点击
2019-02-28 10:25:23,676 - BasePage - INFO - 以获取
2019-02-28 10:25:23,799 - BasePage - INFO - 以获取
2019-02-28 10:25:23,889 - BasePage - INFO - 以获取
2019-02-28 10:25:23,990 - BasePage - INFO - 以获取
2019-02-28 10:25:24,082 - BasePage - INFO - 以获取
2019-02-28 10:25:24,178 - BasePage - INFO - 以获取
2019-02-28 10:25:24,267 - BasePage - INFO - 以获取
