2019-02-28 09:27:16,808 - BrowserEngin - INFO - 选择Chrome浏览器
2019-02-28 09:27:16,808 - BrowserEngin - INFO - 测试URL是:http://127.0.0.1/forum.php
2019-02-28 09:27:18,397 - BrowserEngin - INFO - 启动谷歌浏览器
2019-02-28 09:27:19,050 - BrowserEngin - INFO - 打开：http://127.0.0.1/forum.php
2019-02-28 09:27:19,484 - BrowserEngin - INFO - 窗口最大化
2019-02-28 09:27:19,487 - BrowserEngin - INFO - 等待10秒
2019-02-28 09:27:19,720 - BasePage - INFO - da打开站点
2019-02-28 09:27:22,918 - BasePage - INFO - 输入内容wangwei
2019-02-28 09:27:23,110 - BasePage - INFO - 输入内容weishu0124
2019-02-28 09:27:26,280 - BasePage - INFO - 已点击
2019-02-28 09:27:31,936 - BasePage - INFO - 已点击
2019-02-28 09:27:32,618 - BasePage - INFO - 已点击
2019-02-28 09:27:36,296 - BasePage - INFO - 已点击
2019-02-28 09:27:36,654 - BasePage - INFO - 输入内容kkkkkkkkkkkkkkkk
2019-02-28 09:27:36,857 - BasePage - INFO - 输入内容2222222222
2019-02-28 09:27:37,066 - BasePage - INFO - 输入内容3333333333
2019-02-28 09:27:37,282 - BasePage - INFO - 输入内容44444444444
2019-02-28 09:27:37,485 - BasePage - INFO - 已点击
2019-02-28 09:27:52,661 - BasePage - INFO - 已点击
2019-02-28 09:27:53,839 - BasePage - INFO - 已点击
2019-02-28 09:27:53,961 - BasePage - INFO - 以获取
2019-02-28 09:27:54,059 - BasePage - INFO - 以获取
2019-02-28 09:27:54,137 - BasePage - INFO - 以获取
