2019-02-28 08:49:20,563 - BrowserEngin - INFO - 选择Chrome浏览器
2019-02-28 08:49:20,563 - BrowserEngin - INFO - 测试URL是:http://127.0.0.1/forum.php
2019-02-28 08:49:29,791 - BrowserEngin - INFO - 启动谷歌浏览器
2019-02-28 08:49:44,764 - BrowserEngin - INFO - 打开：http://127.0.0.1/forum.php
2019-02-28 08:49:45,165 - BrowserEngin - INFO - 窗口最大化
2019-02-28 08:49:45,168 - BrowserEngin - INFO - 等待10秒
2019-02-28 08:49:59,706 - BasePage - INFO - da打开站点
2019-02-28 08:50:02,917 - BasePage - INFO - 输入内容wangwei
2019-02-28 08:50:03,089 - BasePage - INFO - 输入内容weishu0124
2019-02-28 08:50:06,312 - BasePage - INFO - 已点击
2019-02-28 08:50:36,018 - BasePage - INFO - 已点击
2019-02-28 08:50:41,343 - BasePage - INFO - 已点击
2019-02-28 08:50:45,191 - BasePage - INFO - 已点击
2019-02-28 08:50:45,469 - BasePage - INFO - 输入内容666asbdahdhsb
2019-02-28 08:50:45,694 - BasePage - INFO - 输入内容2222222222
2019-02-28 08:50:45,924 - BasePage - INFO - 输入内容3333333333
2019-02-28 08:50:46,156 - BasePage - INFO - 输入内容44444444444
2019-02-28 08:50:46,377 - BasePage - INFO - 已点击
2019-02-28 08:51:01,519 - BasePage - INFO - 已点击
2019-02-28 08:51:08,162 - BasePage - INFO - 已点击
2019-02-28 08:51:08,278 - BasePage - INFO - 以获取
