2019-02-28 19:30:10,276 - BrowserEngin - INFO - 选择Chrome浏览器
2019-02-28 19:30:10,277 - BrowserEngin - INFO - 测试URL是:http://127.0.0.1/forum.php
2019-02-28 19:30:11,771 - BrowserEngin - INFO - 启动谷歌浏览器
2019-02-28 19:30:12,580 - BrowserEngin - INFO - 打开：http://127.0.0.1/forum.php
2019-02-28 19:30:12,796 - BrowserEngin - INFO - 窗口最大化
2019-02-28 19:30:12,799 - BrowserEngin - INFO - 等待10秒
2019-02-28 19:30:13,066 - BasePage - INFO - da打开站点
2019-02-28 19:30:16,258 - BasePage - INFO - 输入内容admin
2019-02-28 19:30:16,419 - BasePage - INFO - 输入内容root
2019-02-28 19:30:19,667 - BasePage - INFO - 已点击
2019-02-28 19:30:25,286 - BasePage - INFO - 已点击
2019-02-28 19:30:25,569 - BasePage - INFO - 已点击
2019-02-28 19:30:26,074 - BasePage - INFO - 已点击
2019-02-28 19:30:26,985 - BasePage - INFO - 已点击
2019-02-28 19:30:27,271 - BasePage - INFO - 已点击
2019-02-28 19:30:32,470 - BasePage - INFO - 已点击
2019-02-28 19:30:32,982 - BasePage - INFO - 已点击
2019-02-28 19:30:33,398 - BasePage - INFO - 已点击
2019-02-28 19:30:36,844 - BasePage - INFO - 已点击
2019-02-28 19:30:39,283 - BasePage - INFO - 输入内容wangwei
2019-02-28 19:30:39,453 - BasePage - INFO - 输入内容weishu0124
2019-02-28 19:30:42,611 - BasePage - INFO - 已点击
2019-02-28 19:30:43,619 - BasePage - INFO - 已点击
2019-02-28 19:30:44,106 - BasePage - INFO - 已点击
2019-02-28 19:30:44,462 - BasePage - INFO - 输入内容1111111111111111111
2019-02-28 19:30:44,799 - BasePage - INFO - 输入内容2222222222222222222222222
2019-02-28 19:30:46,273 - BasePage - INFO - 已点击
2019-02-28 19:30:46,472 - BasePage - INFO - 输入内容我已经回复了啦
2019-02-28 19:30:46,921 - BasePage - INFO - 已点击
2019-02-28 19:30:47,321 - BasePage - INFO - 已点击
2019-02-28 19:30:57,369 - BrowserEngin - INFO - 选择Chrome浏览器
2019-02-28 19:30:57,370 - BrowserEngin - INFO - 测试URL是:http://127.0.0.1/forum.php
2019-02-28 19:30:58,800 - BrowserEngin - INFO - 启动谷歌浏览器
2019-02-28 19:30:59,653 - BrowserEngin - INFO - 打开：http://127.0.0.1/forum.php
2019-02-28 19:30:59,865 - BrowserEngin - INFO - 窗口最大化
2019-02-28 19:30:59,869 - BrowserEngin - INFO - 等待10秒
2019-02-28 19:31:00,134 - BasePage - INFO - da打开站点
2019-02-28 19:31:03,354 - BasePage - INFO - 输入内容wangwei
2019-02-28 19:31:03,526 - BasePage - INFO - 输入内容weishu0124
2019-02-28 19:31:06,682 - BasePage - INFO - 已点击
2019-02-28 19:31:09,880 - BasePage - INFO - 输入内容haotest
2019-02-28 19:31:10,055 - BasePage - INFO - 已点击
2019-02-28 19:31:25,651 - BasePage - ERROR - <pageobjects.Disscuz_homepage.HomePage object at 0x000000000368CBA8>页面未能找到('css selector', '.xs3 a') 元素
2019-02-28 19:31:25,651 - BasePage - ERROR - 未点击'NoneType' object has no attribute 'click'
