2019-02-28 10:54:07,478 - BrowserEngin - INFO - 选择Chrome浏览器
2019-02-28 10:54:07,479 - BrowserEngin - INFO - 测试URL是:http://127.0.0.1/forum.php
2019-02-28 10:54:09,007 - BrowserEngin - INFO - 启动谷歌浏览器
2019-02-28 10:54:09,801 - BrowserEngin - INFO - 打开：http://127.0.0.1/forum.php
2019-02-28 10:54:10,264 - BrowserEngin - INFO - 窗口最大化
2019-02-28 10:54:10,267 - BrowserEngin - INFO - 等待10秒
2019-02-28 10:54:10,525 - BasePage - INFO - da打开站点
2019-02-28 10:54:13,718 - BasePage - INFO - 输入内容admin
2019-02-28 10:54:13,872 - BasePage - INFO - 输入内容root
2019-02-28 10:54:17,039 - BasePage - INFO - 已点击
2019-02-28 10:54:22,708 - BasePage - INFO - 已点击
2019-02-28 10:54:23,060 - BasePage - INFO - 输入内容wwwwwwwwwwwwww
2019-02-28 10:54:23,451 - BasePage - INFO - 输入内容内容我佛of上峰水ddd泥烦恼是的烦恼是你看看是
2019-02-28 10:54:24,813 - BasePage - INFO - 已点击
2019-02-28 10:54:25,010 - BasePage - INFO - 输入内容拉拉阿拉啦啦啦
2019-02-28 10:54:25,501 - BasePage - INFO - 已点击
2019-02-28 10:54:25,757 - BasePage - ERROR - 未点击Message: unknown error: Element <a href="member.php?mod=logging&action=logout&formhash=8c65b794">...</a> is not clickable at point (1263, 7). Other element would receive the click: <div class="pi">...</div>
  (Session info: chrome=69.0.3497.100)
  (Driver info: chromedriver=2.41.578737 (49da6702b16031c40d63e5618de03a32ff6c197e),platform=Windows NT 6.1.7601 SP1 x86_64)

2019-02-28 10:54:25,759 - BrowserEngin - INFO - 选择Chrome浏览器
2019-02-28 10:54:25,759 - BrowserEngin - INFO - 测试URL是:http://127.0.0.1/forum.php
2019-02-28 10:54:27,477 - BrowserEngin - INFO - 启动谷歌浏览器
2019-02-28 10:54:28,247 - BrowserEngin - INFO - 打开：http://127.0.0.1/forum.php
2019-02-28 10:54:28,664 - BrowserEngin - INFO - 窗口最大化
2019-02-28 10:54:28,667 - BrowserEngin - INFO - 等待10秒
2019-02-28 10:54:28,929 - BasePage - INFO - da打开站点
2019-02-28 10:54:32,131 - BasePage - INFO - 输入内容admin
2019-02-28 10:54:32,300 - BasePage - INFO - 输入内容root
2019-02-28 10:54:35,465 - BasePage - INFO - 已点击
2019-02-28 10:54:41,101 - BasePage - INFO - 已点击
2019-02-28 10:54:41,349 - BasePage - INFO - 已点击
2019-02-28 10:54:42,212 - BasePage - INFO - 已点击
2019-02-28 10:54:43,023 - BasePage - INFO - 已点击
2019-02-28 10:54:43,307 - BasePage - INFO - 已点击
2019-02-28 10:54:48,520 - BasePage - INFO - 已点击
2019-02-28 10:54:49,024 - BasePage - INFO - 已点击
2019-02-28 10:54:49,449 - BasePage - INFO - 已点击
2019-02-28 10:54:52,935 - BasePage - INFO - 已点击
2019-02-28 10:54:55,453 - BasePage - INFO - 输入内容wangwei
2019-02-28 10:54:55,634 - BasePage - INFO - 输入内容weishu0124
2019-02-28 10:54:58,793 - BasePage - INFO - 已点击
2019-02-28 10:54:59,849 - BasePage - INFO - 已点击
2019-02-28 10:55:00,394 - BasePage - INFO - 已点击
2019-02-28 10:55:00,753 - BasePage - INFO - 输入内容1111111111111111111
2019-02-28 10:55:01,083 - BasePage - INFO - 输入内容2222222222222222222222222
2019-02-28 10:55:02,463 - BasePage - INFO - 已点击
2019-02-28 10:55:02,680 - BasePage - INFO - 输入内容我已经回复了啦
2019-02-28 10:55:03,138 - BasePage - INFO - 已点击
2019-02-28 10:55:03,557 - BasePage - INFO - 已点击
2019-02-28 10:55:03,559 - BrowserEngin - INFO - 选择Chrome浏览器
2019-02-28 10:55:03,560 - BrowserEngin - INFO - 测试URL是:http://127.0.0.1/forum.php
2019-02-28 10:55:05,184 - BrowserEngin - INFO - 启动谷歌浏览器
2019-02-28 10:55:06,549 - BrowserEngin - INFO - 打开：http://127.0.0.1/forum.php
2019-02-28 10:55:06,951 - BrowserEngin - INFO - 窗口最大化
2019-02-28 10:55:06,953 - BrowserEngin - INFO - 等待10秒
2019-02-28 10:55:07,239 - BasePage - INFO - da打开站点
2019-02-28 10:55:10,473 - BasePage - INFO - 输入内容wangwei
2019-02-28 10:55:10,657 - BasePage - INFO - 输入内容weishu0124
2019-02-28 10:55:13,834 - BasePage - INFO - 已点击
2019-02-28 10:55:17,030 - BasePage - INFO - 输入内容haotest
2019-02-28 10:55:17,201 - BasePage - INFO - 已点击
2019-02-28 10:55:22,414 - BasePage - INFO - 已点击
2019-02-28 10:55:27,918 - BasePage - INFO - 已点击
2019-02-28 10:55:27,920 - BrowserEngin - INFO - 选择Chrome浏览器
2019-02-28 10:55:27,920 - BrowserEngin - INFO - 测试URL是:http://127.0.0.1/forum.php
2019-02-28 10:55:29,571 - BrowserEngin - INFO - 启动谷歌浏览器
2019-02-28 10:55:30,605 - BrowserEngin - INFO - 打开：http://127.0.0.1/forum.php
2019-02-28 10:55:31,118 - BrowserEngin - INFO - 窗口最大化
2019-02-28 10:55:31,120 - BrowserEngin - INFO - 等待10秒
2019-02-28 10:55:31,396 - BasePage - INFO - da打开站点
2019-02-28 10:55:34,644 - BasePage - INFO - 输入内容wangwei
2019-02-28 10:55:34,859 - BasePage - INFO - 输入内容weishu0124
2019-02-28 10:55:38,019 - BasePage - INFO - 已点击
2019-02-28 10:55:43,615 - BasePage - INFO - 已点击
2019-02-28 10:55:44,481 - BasePage - INFO - 已点击
2019-02-28 10:55:48,222 - BasePage - INFO - 已点击
2019-02-28 10:55:48,579 - BasePage - INFO - 输入内容kkkkkkkkkkkkkkkk
2019-02-28 10:55:48,827 - BasePage - INFO - 输入内容2222222222
2019-02-28 10:55:49,056 - BasePage - INFO - 输入内容3333333333
2019-02-28 10:55:49,288 - BasePage - INFO - 输入内容44444444444
2019-02-28 10:55:49,519 - BasePage - INFO - 已点击
2019-02-28 10:56:04,689 - BasePage - INFO - 已点击
2019-02-28 10:56:05,589 - BasePage - INFO - 已点击
2019-02-28 10:56:05,691 - BasePage - INFO - 以获取
2019-02-28 10:56:05,790 - BasePage - INFO - 以获取
2019-02-28 10:56:05,891 - BasePage - INFO - 以获取
2019-02-28 10:56:05,999 - BasePage - INFO - 以获取
2019-02-28 10:56:06,090 - BasePage - INFO - 以获取
2019-02-28 10:56:06,190 - BasePage - INFO - 以获取
2019-02-28 10:56:06,285 - BasePage - INFO - 以获取
