2019-02-28 09:58:14,205 - BrowserEngin - INFO - 选择Chrome浏览器
2019-02-28 09:58:14,205 - BrowserEngin - INFO - 测试URL是:http://127.0.0.1/forum.php
2019-02-28 09:58:16,031 - BrowserEngin - INFO - 启动谷歌浏览器
2019-02-28 09:58:17,112 - BrowserEngin - INFO - 打开：http://127.0.0.1/forum.php
2019-02-28 09:58:17,530 - BrowserEngin - INFO - 窗口最大化
2019-02-28 09:58:17,533 - BrowserEngin - INFO - 等待10秒
2019-02-28 09:58:17,768 - BasePage - INFO - da打开站点
2019-02-28 09:58:20,980 - BasePage - INFO - 输入内容wangwei
2019-02-28 09:58:21,177 - BasePage - INFO - 输入内容weishu0124
2019-02-28 09:58:24,331 - BasePage - INFO - 已点击
2019-02-28 09:58:29,917 - BasePage - INFO - 已点击
2019-02-28 09:58:30,637 - BasePage - INFO - 已点击
2019-02-28 09:58:34,392 - BasePage - INFO - 已点击
2019-02-28 09:58:34,734 - BasePage - INFO - 输入内容kkkkkkkkkkkkkkkk
2019-02-28 09:58:34,965 - BasePage - INFO - 输入内容2222222222
2019-02-28 09:58:35,181 - BasePage - INFO - 输入内容3333333333
2019-02-28 09:58:35,402 - BasePage - INFO - 输入内容44444444444
2019-02-28 09:58:35,630 - BasePage - INFO - 已点击
2019-02-28 09:58:50,814 - BasePage - INFO - 已点击
2019-02-28 09:58:51,855 - BasePage - INFO - 已点击
2019-02-28 09:58:51,986 - BasePage - INFO - 以获取
2019-02-28 09:58:52,085 - BasePage - INFO - 以获取
2019-02-28 09:58:52,182 - BasePage - INFO - 以获取
2019-02-28 09:58:52,273 - BasePage - INFO - 以获取
2019-02-28 09:58:52,361 - BasePage - INFO - 以获取
