2019-02-28 10:30:44,689 - BrowserEngin - INFO - 选择Chrome浏览器
2019-02-28 10:30:44,690 - BrowserEngin - INFO - 测试URL是:http://127.0.0.1/forum.php
2019-02-28 10:30:46,544 - BrowserEngin - INFO - 启动谷歌浏览器
2019-02-28 10:30:47,319 - BrowserEngin - INFO - 打开：http://127.0.0.1/forum.php
2019-02-28 10:30:47,729 - BrowserEngin - INFO - 窗口最大化
2019-02-28 10:30:47,734 - BrowserEngin - INFO - 等待10秒
2019-02-28 10:30:47,989 - BasePage - INFO - da打开站点
2019-02-28 10:30:51,196 - BasePage - INFO - 输入内容admin
2019-02-28 10:30:51,347 - BasePage - INFO - 输入内容root
2019-02-28 10:30:54,522 - BasePage - INFO - 已点击
2019-02-28 10:31:00,162 - BasePage - INFO - 已点击
2019-02-28 10:31:00,476 - BasePage - INFO - 输入内容121212dd12
2019-02-28 10:31:00,876 - BasePage - INFO - 输入内容内容我佛of上峰水ddd泥烦恼是的烦恼是你看看是
2019-02-28 10:31:01,158 - BasePage - INFO - 已点击
2019-02-28 10:31:01,394 - BasePage - INFO - 输入内容拉拉阿拉啦啦啦
2019-02-28 10:31:11,934 - BasePage - ERROR - <pageobjects.Disscuz_homepage.HomePage object at 0x00000000036B0F28>页面未能找到('css selector', '.plc button') 元素
2019-02-28 10:31:11,934 - BasePage - ERROR - 未点击'NoneType' object has no attribute 'click'
2019-02-28 10:31:12,473 - BasePage - INFO - 已点击
2019-02-28 10:31:12,474 - BrowserEngin - INFO - 选择Chrome浏览器
2019-02-28 10:31:12,474 - BrowserEngin - INFO - 测试URL是:http://127.0.0.1/forum.php
2019-02-28 10:31:14,020 - BrowserEngin - INFO - 启动谷歌浏览器
2019-02-28 10:31:15,198 - BrowserEngin - INFO - 打开：http://127.0.0.1/forum.php
2019-02-28 10:31:15,635 - BrowserEngin - INFO - 窗口最大化
2019-02-28 10:31:15,638 - BrowserEngin - INFO - 等待10秒
2019-02-28 10:31:15,923 - BasePage - INFO - da打开站点
2019-02-28 10:31:19,153 - BasePage - INFO - 输入内容admin
2019-02-28 10:31:19,302 - BasePage - INFO - 输入内容root
2019-02-28 10:31:22,459 - BasePage - INFO - 已点击
2019-02-28 10:31:28,130 - BasePage - INFO - 已点击
2019-02-28 10:31:28,374 - BasePage - INFO - 已点击
2019-02-28 10:31:29,282 - BasePage - INFO - 已点击
2019-02-28 10:31:30,124 - BasePage - INFO - 已点击
2019-02-28 10:31:30,410 - BasePage - INFO - 已点击
2019-02-28 10:31:35,619 - BasePage - INFO - 已点击
2019-02-28 10:31:36,156 - BasePage - INFO - 已点击
2019-02-28 10:31:36,625 - BasePage - INFO - 已点击
2019-02-28 10:31:40,087 - BasePage - INFO - 已点击
2019-02-28 10:31:42,604 - BasePage - INFO - 输入内容wangwei
2019-02-28 10:31:42,781 - BasePage - INFO - 输入内容weishu0124
2019-02-28 10:31:45,955 - BasePage - INFO - 已点击
2019-02-28 10:31:47,098 - BasePage - INFO - 已点击
2019-02-28 10:31:47,596 - BasePage - INFO - 已点击
2019-02-28 10:31:47,938 - BasePage - INFO - 输入内容1111111111111111111
2019-02-28 10:31:48,258 - BasePage - INFO - 输入内容2222222222222222222222222
2019-02-28 10:31:49,952 - BasePage - INFO - 已点击
2019-02-28 10:31:50,163 - BasePage - INFO - 输入内容我已经回复了啦
2019-02-28 10:31:50,663 - BasePage - INFO - 已点击
2019-02-28 10:31:51,045 - BasePage - INFO - 已点击
2019-02-28 10:31:51,048 - BrowserEngin - INFO - 选择Chrome浏览器
2019-02-28 10:31:51,048 - BrowserEngin - INFO - 测试URL是:http://127.0.0.1/forum.php
2019-02-28 10:31:52,799 - BrowserEngin - INFO - 启动谷歌浏览器
2019-02-28 10:31:53,980 - BrowserEngin - INFO - 打开：http://127.0.0.1/forum.php
2019-02-28 10:31:54,400 - BrowserEngin - INFO - 窗口最大化
2019-02-28 10:31:54,403 - BrowserEngin - INFO - 等待10秒
2019-02-28 10:31:54,645 - BasePage - INFO - da打开站点
2019-02-28 10:31:57,870 - BasePage - INFO - 输入内容wangwei
2019-02-28 10:31:58,058 - BasePage - INFO - 输入内容weishu0124
2019-02-28 10:32:01,214 - BasePage - INFO - 已点击
2019-02-28 10:32:04,392 - BasePage - INFO - 输入内容haotest
2019-02-28 10:32:04,554 - BasePage - INFO - 已点击
2019-02-28 10:32:09,784 - BasePage - INFO - 已点击
2019-02-28 10:32:15,332 - BasePage - INFO - 已点击
2019-02-28 10:32:15,333 - BrowserEngin - INFO - 选择Chrome浏览器
2019-02-28 10:32:15,334 - BrowserEngin - INFO - 测试URL是:http://127.0.0.1/forum.php
2019-02-28 10:32:16,989 - BrowserEngin - INFO - 启动谷歌浏览器
2019-02-28 10:32:18,155 - BrowserEngin - INFO - 打开：http://127.0.0.1/forum.php
2019-02-28 10:32:18,609 - BrowserEngin - INFO - 窗口最大化
2019-02-28 10:32:18,611 - BrowserEngin - INFO - 等待10秒
2019-02-28 10:32:18,850 - BasePage - INFO - da打开站点
2019-02-28 10:32:22,099 - BasePage - INFO - 输入内容wangwei
2019-02-28 10:32:22,312 - BasePage - INFO - 输入内容weishu0124
2019-02-28 10:32:25,495 - BasePage - INFO - 已点击
2019-02-28 10:32:31,090 - BasePage - INFO - 已点击
2019-02-28 10:32:32,043 - BasePage - INFO - 已点击
2019-02-28 10:32:35,807 - BasePage - INFO - 已点击
2019-02-28 10:32:36,159 - BasePage - INFO - 输入内容kkkkkkkkkkkkkkkk
2019-02-28 10:32:36,380 - BasePage - INFO - 输入内容2222222222
2019-02-28 10:32:36,612 - BasePage - INFO - 输入内容3333333333
2019-02-28 10:32:36,850 - BasePage - INFO - 输入内容44444444444
2019-02-28 10:32:37,081 - BasePage - INFO - 已点击
2019-02-28 10:32:52,267 - BasePage - INFO - 已点击
2019-02-28 10:32:53,254 - BasePage - INFO - 已点击
2019-02-28 10:32:53,369 - BasePage - INFO - 以获取
2019-02-28 10:32:53,484 - BasePage - INFO - 以获取
2019-02-28 10:32:53,578 - BasePage - INFO - 以获取
2019-02-28 10:32:53,687 - BasePage - INFO - 以获取
2019-02-28 10:32:53,788 - BasePage - INFO - 以获取
2019-02-28 10:32:53,893 - BasePage - INFO - 以获取
2019-02-28 10:32:53,987 - BasePage - INFO - 以获取
