2019-02-27 17:28:04,851 - BrowserEngin - INFO - 选择Chrome浏览器
2019-02-27 17:28:04,851 - BrowserEngin - INFO - 测试URL是:http://127.0.0.1/forum.php
2019-02-27 17:28:06,484 - BrowserEngin - INFO - 启动谷歌浏览器
2019-02-27 17:28:07,635 - BrowserEngin - INFO - 打开：http://127.0.0.1/forum.php
2019-02-27 17:28:08,052 - BrowserEngin - INFO - 窗口最大化
2019-02-27 17:28:08,054 - BrowserEngin - INFO - 等待10秒
2019-02-27 17:28:08,310 - BasePage - INFO - da打开站点
2019-02-27 17:28:11,553 - BasePage - INFO - 输入内容wangwei
2019-02-27 17:28:11,734 - BasePage - INFO - 输入内容weishu0124
2019-02-27 17:28:14,891 - BasePage - INFO - 已点击
2019-02-27 17:28:20,528 - BasePage - INFO - 已点击
2019-02-27 17:28:21,347 - BasePage - INFO - 已点击
2019-02-27 17:28:25,110 - BasePage - INFO - 已点击
2019-02-27 17:28:25,425 - BasePage - INFO - 输入内容666666666666
2019-02-27 17:28:25,664 - BasePage - INFO - 输入内容2222222222
2019-02-27 17:28:25,897 - BasePage - INFO - 输入内容3333333333
2019-02-27 17:28:26,126 - BasePage - INFO - 输入内容44444444444
2019-02-27 17:28:36,721 - BasePage - ERROR - <pageobjects.Disscuz_homepage.HomePage object at 0x0000000002D8A9B0>页面未能找到('css selector', '.area iframe') 元素
2019-02-27 17:28:36,722 - BasePage - ERROR - Faileed to type in input box with 'NoneType' object has no attribute 'send_keys'
2019-02-27 17:28:47,282 - BasePage - ERROR - <pageobjects.Disscuz_homepage.HomePage object at 0x0000000002D8A9B0>页面未能找到('css selector', '.mtm span') 元素
2019-02-27 17:28:47,282 - BasePage - ERROR - 未点击'NoneType' object has no attribute 'click'
