2019-02-27 20:52:07,326 - BrowserEngin - INFO - 选择Chrome浏览器
2019-02-27 20:52:07,326 - BrowserEngin - INFO - 测试URL是:http://127.0.0.1/forum.php
2019-02-27 20:52:08,881 - BrowserEngin - INFO - 启动谷歌浏览器
2019-02-27 20:52:09,807 - BrowserEngin - INFO - 打开：http://127.0.0.1/forum.php
2019-02-27 20:52:10,219 - BrowserEngin - INFO - 窗口最大化
2019-02-27 20:52:10,222 - BrowserEngin - INFO - 等待10秒
2019-02-27 20:52:10,495 - BasePage - INFO - da打开站点
2019-02-27 20:52:13,704 - BasePage - INFO - 输入内容wangwei
2019-02-27 20:52:13,903 - BasePage - INFO - 输入内容weishu0124
2019-02-27 20:52:17,083 - BasePage - INFO - 已点击
2019-02-27 20:52:20,283 - BasePage - INFO - 输入内容haotest
2019-02-27 20:52:20,440 - BasePage - INFO - 已点击
2019-02-27 20:52:25,676 - BasePage - INFO - 已点击
2019-02-27 20:52:26,189 - BasePage - INFO - 已点击
2019-02-27 20:52:59,541 - BrowserEngin - INFO - 选择Chrome浏览器
2019-02-27 20:52:59,541 - BrowserEngin - INFO - 测试URL是:http://127.0.0.1/forum.php
2019-02-27 20:53:01,150 - BrowserEngin - INFO - 启动谷歌浏览器
2019-02-27 20:53:02,018 - BrowserEngin - INFO - 打开：http://127.0.0.1/forum.php
2019-02-27 20:53:02,431 - BrowserEngin - INFO - 窗口最大化
2019-02-27 20:53:02,433 - BrowserEngin - INFO - 等待10秒
2019-02-27 20:53:02,735 - BasePage - INFO - da打开站点
2019-02-27 20:53:05,949 - BasePage - INFO - 输入内容wangwei
2019-02-27 20:53:06,151 - BasePage - INFO - 输入内容weishu0124
2019-02-27 20:53:09,307 - BasePage - INFO - 已点击
2019-02-27 20:53:12,495 - BasePage - INFO - 输入内容haotest
2019-02-27 20:53:12,658 - BasePage - INFO - 已点击
2019-02-27 20:53:17,886 - BasePage - INFO - 已点击
2019-02-27 20:53:18,577 - BasePage - INFO - 已点击
