2019-02-28 17:12:11,299 - BrowserEngin - INFO - 选择Chrome浏览器
2019-02-28 17:12:11,300 - BrowserEngin - INFO - 测试URL是:http://127.0.0.1/forum.php
2019-02-28 17:12:12,990 - BrowserEngin - INFO - 启动谷歌浏览器
2019-02-28 17:12:13,911 - BrowserEngin - INFO - 打开：http://127.0.0.1/forum.php
2019-02-28 17:12:14,307 - BrowserEngin - INFO - 窗口最大化
2019-02-28 17:12:14,310 - BrowserEngin - INFO - 等待10秒
2019-02-28 17:12:14,553 - BasePage - INFO - da打开站点
2019-02-28 17:12:17,751 - BasePage - INFO - 输入内容admin
2019-02-28 17:12:17,911 - BasePage - INFO - 输入内容root
2019-02-28 17:12:21,061 - BasePage - INFO - 已点击
2019-02-28 17:12:26,727 - BasePage - INFO - 已点击
2019-02-28 17:12:27,056 - BasePage - INFO - 输入内容wwwkgsndswwwww
2019-02-28 17:12:27,474 - BasePage - INFO - 输入内容内容我佛of上峰水ddd泥烦恼是的烦恼是你看看是
2019-02-28 17:12:29,224 - BasePage - INFO - 已点击
2019-02-28 17:12:54,764 - BrowserEngin - INFO - 选择Chrome浏览器
2019-02-28 17:12:54,764 - BrowserEngin - INFO - 测试URL是:http://127.0.0.1/forum.php
2019-02-28 17:12:56,271 - BrowserEngin - INFO - 启动谷歌浏览器
2019-02-28 17:12:57,084 - BrowserEngin - INFO - 打开：http://127.0.0.1/forum.php
2019-02-28 17:12:57,505 - BrowserEngin - INFO - 窗口最大化
2019-02-28 17:12:57,509 - BrowserEngin - INFO - 等待10秒
2019-02-28 17:12:57,777 - BasePage - INFO - da打开站点
2019-02-28 17:13:00,978 - BasePage - INFO - 输入内容admin
2019-02-28 17:13:01,132 - BasePage - INFO - 输入内容root
2019-02-28 17:13:04,302 - BasePage - INFO - 已点击
2019-02-28 17:13:10,026 - BasePage - INFO - 已点击
2019-02-28 17:13:10,364 - BasePage - INFO - 输入内容wwwkgsndswwwww
2019-02-28 17:13:10,758 - BasePage - INFO - 输入内容内容我佛of上峰水ddd泥烦恼是的烦恼是你看看是
2019-02-28 17:13:12,569 - BasePage - INFO - 已点击
2019-02-28 17:13:12,785 - BasePage - INFO - 输入内容拉拉阿拉啦啦啦
2019-02-28 17:13:13,293 - BasePage - INFO - 已点击
