2019-02-28 10:34:55,123 - BrowserEngin - INFO - 选择Chrome浏览器
2019-02-28 10:34:55,124 - BrowserEngin - INFO - 测试URL是:http://127.0.0.1/forum.php
2019-02-28 10:34:57,078 - BrowserEngin - INFO - 启动谷歌浏览器
2019-02-28 10:34:57,848 - BrowserEngin - INFO - 打开：http://127.0.0.1/forum.php
2019-02-28 10:34:58,281 - BrowserEngin - INFO - 窗口最大化
2019-02-28 10:34:58,284 - BrowserEngin - INFO - 等待10秒
2019-02-28 10:34:58,538 - BasePage - INFO - da打开站点
2019-02-28 10:35:01,756 - BasePage - INFO - 输入内容wangwei
2019-02-28 10:35:01,958 - BasePage - INFO - 输入内容weishu0124
2019-02-28 10:35:05,116 - BasePage - INFO - 已点击
2019-02-28 10:35:10,730 - BasePage - INFO - 已点击
2019-02-28 10:35:11,464 - BasePage - INFO - 已点击
2019-02-28 10:35:15,299 - BasePage - INFO - 已点击
2019-02-28 10:35:15,615 - BasePage - INFO - 输入内容kkkkkkkkkkkkkkkk
2019-02-28 10:35:15,870 - BasePage - INFO - 输入内容2222222222
2019-02-28 10:35:16,125 - BasePage - INFO - 输入内容3333333333
2019-02-28 10:35:16,376 - BasePage - INFO - 输入内容44444444444
2019-02-28 10:35:16,614 - BasePage - INFO - 已点击
2019-02-28 10:35:31,781 - BasePage - INFO - 已点击
2019-02-28 10:35:32,800 - BasePage - INFO - 已点击
2019-02-28 10:35:32,914 - BasePage - INFO - 以获取
2019-02-28 10:35:33,039 - BasePage - INFO - 以获取
2019-02-28 10:35:33,148 - BasePage - INFO - 以获取
2019-02-28 10:35:33,264 - BasePage - INFO - 以获取
2019-02-28 10:35:33,374 - BasePage - INFO - 以获取
2019-02-28 10:35:33,487 - BasePage - INFO - 以获取
2019-02-28 10:35:33,585 - BasePage - INFO - 以获取
