2019-02-28 17:17:01,755 - BrowserEngin - INFO - 选择Chrome浏览器
2019-02-28 17:17:01,756 - BrowserEngin - INFO - 测试URL是:http://127.0.0.1/forum.php
2019-02-28 17:17:03,416 - BrowserEngin - INFO - 启动谷歌浏览器
2019-02-28 17:17:04,162 - BrowserEngin - INFO - 打开：http://127.0.0.1/forum.php
2019-02-28 17:17:04,567 - BrowserEngin - INFO - 窗口最大化
2019-02-28 17:17:04,571 - BrowserEngin - INFO - 等待10秒
2019-02-28 17:17:04,856 - BasePage - INFO - da打开站点
2019-02-28 17:17:08,051 - BasePage - INFO - 输入内容admin
2019-02-28 17:17:08,210 - BasePage - INFO - 输入内容root
2019-02-28 17:17:11,386 - BasePage - INFO - 已点击
2019-02-28 17:17:17,039 - BasePage - INFO - 已点击
2019-02-28 17:17:17,302 - BasePage - INFO - 已点击
2019-02-28 17:17:18,126 - BasePage - INFO - 已点击
2019-02-28 17:17:18,972 - BasePage - INFO - 已点击
2019-02-28 17:17:19,264 - BasePage - INFO - 已点击
2019-02-28 17:17:24,521 - BasePage - INFO - 已点击
2019-02-28 17:17:25,047 - BasePage - INFO - 已点击
2019-02-28 17:17:25,475 - BasePage - INFO - 已点击
2019-02-28 17:17:28,916 - BasePage - INFO - 已点击
2019-02-28 17:17:31,442 - BasePage - INFO - 输入内容wangwei
2019-02-28 17:17:31,641 - BasePage - INFO - 输入内容weishu0124
2019-02-28 17:17:34,813 - BasePage - INFO - 已点击
2019-02-28 17:17:35,846 - BasePage - INFO - 已点击
2019-02-28 17:17:36,315 - BasePage - INFO - 已点击
2019-02-28 17:17:36,651 - BasePage - INFO - 输入内容1111111111111111111
2019-02-28 17:17:37,049 - BasePage - INFO - 输入内容2222222222222222222222222
2019-02-28 17:17:38,950 - BasePage - INFO - 已点击
2019-02-28 17:17:39,162 - BasePage - INFO - 输入内容我已经回复了啦
2019-02-28 17:17:39,590 - BasePage - INFO - 已点击
2019-02-28 17:17:39,959 - BasePage - INFO - 已点击
