2019-02-28 09:16:09,187 - BrowserEngin - INFO - 选择Chrome浏览器
2019-02-28 09:16:09,187 - BrowserEngin - INFO - 测试URL是:http://127.0.0.1/forum.php
2019-02-28 09:16:10,880 - BrowserEngin - INFO - 启动谷歌浏览器
2019-02-28 09:16:11,718 - BrowserEngin - INFO - 打开：http://127.0.0.1/forum.php
2019-02-28 09:16:12,126 - BrowserEngin - INFO - 窗口最大化
2019-02-28 09:16:12,128 - BrowserEngin - INFO - 等待10秒
2019-02-28 09:16:12,417 - BasePage - INFO - da打开站点
2019-02-28 09:16:15,667 - BasePage - INFO - 输入内容wangwei
2019-02-28 09:16:15,851 - BasePage - INFO - 输入内容weishu0124
2019-02-28 09:16:18,984 - BasePage - INFO - 已点击
2019-02-28 09:16:24,592 - BasePage - INFO - 已点击
2019-02-28 09:16:25,516 - BasePage - INFO - 已点击
2019-02-28 09:16:31,561 - BasePage - ERROR - <pageobjects.Disscuz_homepage.HomePage object at 0x0000000002D8A908>页面未能找到('link text', '发起投票') 元素
2019-02-28 09:16:31,561 - BasePage - ERROR - 未点击'NoneType' object has no attribute 'click'
2019-02-28 09:16:34,652 - BasePage - ERROR - <pageobjects.Disscuz_homepage.HomePage object at 0x0000000002D8A908>页面未能找到('css selector', '.z span input') 元素
2019-02-28 09:16:34,652 - BasePage - ERROR - Faileed to type in input box with 'NoneType' object has no attribute 'send_keys'
2019-02-28 09:16:37,710 - BasePage - ERROR - <pageobjects.Disscuz_homepage.HomePage object at 0x0000000002D8A908>页面未能找到('css selector', '.mbm input') 元素
2019-02-28 09:16:37,710 - BasePage - ERROR - Faileed to type in input box with 'NoneType' object has no attribute 'send_keys'
2019-02-28 09:16:40,778 - BasePage - ERROR - <pageobjects.Disscuz_homepage.HomePage object at 0x0000000002D8A908>页面未能找到('css selector', '.mbm p:nth-child(2) input') 元素
2019-02-28 09:16:40,778 - BasePage - ERROR - Faileed to type in input box with 'NoneType' object has no attribute 'send_keys'
2019-02-28 09:16:43,851 - BasePage - ERROR - <pageobjects.Disscuz_homepage.HomePage object at 0x0000000002D8A908>页面未能找到('css selector', '.mbm p:nth-child(3) input') 元素
2019-02-28 09:16:43,851 - BasePage - ERROR - Faileed to type in input box with 'NoneType' object has no attribute 'send_keys'
2019-02-28 09:16:46,897 - BasePage - ERROR - <pageobjects.Disscuz_homepage.HomePage object at 0x0000000002D8A908>页面未能找到('css selector', '.mtm button') 元素
2019-02-28 09:16:46,897 - BasePage - ERROR - 未点击'NoneType' object has no attribute 'click'
2019-02-28 09:17:05,012 - BasePage - ERROR - <pageobjects.Disscuz_homepage.HomePage object at 0x0000000002D8A908>页面未能找到('css selector', '.pslt input') 元素
2019-02-28 09:17:05,012 - BasePage - ERROR - 未点击'NoneType' object has no attribute 'click'
2019-02-28 09:17:08,068 - BasePage - ERROR - <pageobjects.Disscuz_homepage.HomePage object at 0x0000000002D8A908>页面未能找到('css selector', '.pcht tr:nth-last-child(1) button') 元素
2019-02-28 09:17:08,068 - BasePage - ERROR - 未点击'NoneType' object has no attribute 'click'
