2019-02-27 11:25:18,807 - BrowserEngin - INFO - 选择Chrome浏览器
2019-02-27 11:25:18,807 - BrowserEngin - INFO - 测试URL是:http://www.baidu.com
2019-02-27 11:25:20,400 - BrowserEngin - INFO - 启动谷歌浏览器
2019-02-27 11:25:22,026 - BrowserEngin - INFO - 打开：http://www.baidu.com
2019-02-27 11:25:22,411 - BrowserEngin - INFO - 窗口最大化
2019-02-27 11:25:22,414 - BrowserEngin - INFO - 等待10秒
2019-02-27 11:25:22,954 - BasePage - INFO - da打开站点
2019-02-27 11:25:26,162 - BasePage - INFO - 输入内容admin
2019-02-27 11:25:26,294 - BasePage - INFO - 输入内容root
2019-02-27 11:25:29,430 - BasePage - INFO - 已点击
2019-02-27 11:25:35,015 - BasePage - INFO - 已点击
2019-02-27 11:25:35,290 - BasePage - INFO - 已点击
2019-02-27 11:25:35,914 - BasePage - INFO - 已点击
2019-02-27 11:25:36,866 - BasePage - INFO - 已点击
2019-02-27 11:25:37,158 - BasePage - INFO - 已点击
2019-02-27 11:25:52,720 - BasePage - ERROR - <pageobjects.Disscuz_homepage.HomePage object at 0x0000000002D7A908>页面未能找到('css selector', '.loginform input') 元素
2019-02-27 11:25:52,721 - BasePage - ERROR - Faileed to type in input box with 'NoneType' object has no attribute 'send_keys'
2019-02-27 11:26:03,279 - BasePage - ERROR - <pageobjects.Disscuz_homepage.HomePage object at 0x0000000002D7A908>页面未能找到('css selector', '.loginnofloat input') 元素
2019-02-27 11:26:03,279 - BasePage - ERROR - 未点击'NoneType' object has no attribute 'click'
2019-02-27 11:26:08,662 - BasePage - INFO - 已点击
