2019-02-27 22:37:35,733 - BrowserEngin - INFO - 选择Chrome浏览器
2019-02-27 22:37:35,733 - BrowserEngin - INFO - 测试URL是:http://127.0.0.1/forum.php
2019-02-27 22:37:37,618 - BrowserEngin - INFO - 启动谷歌浏览器
2019-02-27 22:37:38,511 - BrowserEngin - INFO - 打开：http://127.0.0.1/forum.php
2019-02-27 22:37:38,951 - BrowserEngin - INFO - 窗口最大化
2019-02-27 22:37:38,953 - BrowserEngin - INFO - 等待10秒
2019-02-27 22:37:39,231 - BasePage - INFO - da打开站点
2019-02-27 22:37:42,491 - BasePage - INFO - 输入内容wangwei
2019-02-27 22:37:42,735 - BasePage - INFO - 输入内容weishu0124
2019-02-27 22:37:45,988 - BasePage - INFO - 已点击
2019-02-27 22:37:51,744 - BasePage - INFO - 已点击
2019-02-27 22:37:52,865 - BasePage - INFO - 已点击
2019-02-27 22:37:56,776 - BasePage - INFO - 已点击
2019-02-27 22:37:57,093 - BasePage - INFO - 输入内容666666666666
2019-02-27 22:37:57,342 - BasePage - INFO - 输入内容2222222222
2019-02-27 22:37:57,596 - BasePage - INFO - 输入内容3333333333
2019-02-27 22:37:57,860 - BasePage - INFO - 输入内容44444444444
2019-02-27 22:37:58,093 - BasePage - INFO - 已点击
2019-02-27 22:38:13,312 - BasePage - INFO - 已点击
2019-02-27 22:38:23,922 - BasePage - ERROR - <pageobjects.Disscuz_homepage.HomePage object at 0x000000000367E2B0>页面未能找到('id', '.pcht tr:nth-last-child(1) button') 元素
2019-02-27 22:38:23,922 - BasePage - ERROR - 未点击'NoneType' object has no attribute 'click'
