2019-02-27 22:30:41,424 - BrowserEngin - INFO - 选择Chrome浏览器
2019-02-27 22:30:41,424 - BrowserEngin - INFO - 测试URL是:http://127.0.0.1/forum.php
2019-02-27 22:30:43,426 - BrowserEngin - INFO - 启动谷歌浏览器
2019-02-27 22:30:44,706 - BrowserEngin - INFO - 打开：http://127.0.0.1/forum.php
2019-02-27 22:30:45,206 - BrowserEngin - INFO - 窗口最大化
2019-02-27 22:30:45,208 - BrowserEngin - INFO - 等待10秒
2019-02-27 22:30:45,516 - BasePage - INFO - da打开站点
2019-02-27 22:30:48,825 - BasePage - INFO - 输入内容wangwei
2019-02-27 22:30:49,064 - BasePage - INFO - 输入内容weishu0124
2019-02-27 22:30:52,316 - BasePage - INFO - 已点击
2019-02-27 22:30:58,099 - BasePage - INFO - 已点击
2019-02-27 22:30:58,942 - BasePage - INFO - 已点击
2019-02-27 22:31:02,748 - BasePage - INFO - 已点击
2019-02-27 22:31:03,108 - BasePage - INFO - 输入内容666666666666
2019-02-27 22:31:03,348 - BasePage - INFO - 输入内容2222222222
2019-02-27 22:31:03,593 - BasePage - INFO - 输入内容3333333333
2019-02-27 22:31:03,855 - BasePage - INFO - 输入内容44444444444
2019-02-27 22:31:04,100 - BasePage - INFO - 已点击
2019-02-27 22:31:19,334 - BasePage - INFO - 已点击
2019-02-27 22:31:29,863 - BasePage - ERROR - <pageobjects.Disscuz_homepage.HomePage object at 0x0000000002DBA8D0>页面未能找到('css selector', '.pollsubmit') 元素
2019-02-27 22:31:29,863 - BasePage - ERROR - 未点击'NoneType' object has no attribute 'click'
