2019-02-28 09:24:33,383 - BrowserEngin - INFO - 选择Chrome浏览器
2019-02-28 09:24:33,383 - BrowserEngin - INFO - 测试URL是:http://127.0.0.1/forum.php
2019-02-28 09:24:34,859 - BrowserEngin - INFO - 启动谷歌浏览器
2019-02-28 09:24:35,741 - BrowserEngin - INFO - 打开：http://127.0.0.1/forum.php
2019-02-28 09:24:36,152 - BrowserEngin - INFO - 窗口最大化
2019-02-28 09:24:36,154 - BrowserEngin - INFO - 等待10秒
2019-02-28 09:24:36,382 - BasePage - INFO - da打开站点
2019-02-28 09:24:39,596 - BasePage - INFO - 输入内容wangwei
2019-02-28 09:24:39,772 - BasePage - INFO - 输入内容weishu0124
2019-02-28 09:24:42,922 - BasePage - INFO - 已点击
2019-02-28 09:24:48,542 - BasePage - INFO - 已点击
2019-02-28 09:24:49,192 - BasePage - INFO - 已点击
2019-02-28 09:24:52,879 - BasePage - INFO - 已点击
2019-02-28 09:24:53,231 - BasePage - INFO - 输入内容kkkkkkkkkkkkkkkk
2019-02-28 09:24:53,445 - BasePage - INFO - 输入内容2222222222
2019-02-28 09:24:53,656 - BasePage - INFO - 输入内容3333333333
2019-02-28 09:24:53,874 - BasePage - INFO - 输入内容44444444444
2019-02-28 09:24:54,077 - BasePage - INFO - 已点击
2019-02-28 09:25:09,241 - BasePage - INFO - 已点击
2019-02-28 09:25:10,261 - BasePage - INFO - 已点击
