2019-02-28 19:39:21,661 - BrowserEngin - INFO - 选择Chrome浏览器
2019-02-28 19:39:21,662 - BrowserEngin - INFO - 测试URL是:http://127.0.0.1/forum.php
2019-02-28 19:39:23,230 - BrowserEngin - INFO - 启动谷歌浏览器
2019-02-28 19:39:23,946 - BrowserEngin - INFO - 打开：http://127.0.0.1/forum.php
2019-02-28 19:39:24,149 - BrowserEngin - INFO - 窗口最大化
2019-02-28 19:39:24,151 - BrowserEngin - INFO - 等待10秒
2019-02-28 19:39:24,392 - BasePage - INFO - da打开站点
2019-02-28 19:39:27,599 - BasePage - INFO - 输入内容wangwei
2019-02-28 19:39:27,779 - BasePage - INFO - 输入内容weishu0124
2019-02-28 19:39:30,933 - BasePage - INFO - 已点击
2019-02-28 19:39:36,591 - BasePage - INFO - 已点击
2019-02-28 19:39:37,285 - BasePage - INFO - 已点击
2019-02-28 19:39:41,044 - BasePage - INFO - 已点击
2019-02-28 19:39:41,367 - BasePage - INFO - 输入内容kkkkkkkkkkkkkkkk
2019-02-28 19:39:41,618 - BasePage - INFO - 输入内容2222222222
2019-02-28 19:39:41,853 - BasePage - INFO - 输入内容3333333333
2019-02-28 19:39:42,092 - BasePage - INFO - 输入内容44444444444
2019-02-28 19:39:42,310 - BasePage - INFO - 已点击
2019-02-28 19:39:57,476 - BasePage - INFO - 已点击
2019-02-28 19:39:58,702 - BasePage - INFO - 已点击
2019-02-28 19:39:58,819 - BasePage - INFO - 以获取
2019-02-28 19:39:58,925 - BasePage - INFO - 以获取
2019-02-28 19:39:59,021 - BasePage - INFO - 以获取
2019-02-28 19:39:59,123 - BasePage - INFO - 以获取
2019-02-28 19:39:59,217 - BasePage - INFO - 以获取
2019-02-28 19:39:59,319 - BasePage - INFO - 以获取
2019-02-28 19:39:59,418 - BasePage - INFO - 以获取
