2019-02-27 14:22:08,166 - BrowserEngin - INFO - 选择Chrome浏览器
2019-02-27 14:22:08,167 - BrowserEngin - INFO - 测试URL是:http://127.0.0.1/forum.php
2019-02-27 14:22:10,113 - BrowserEngin - INFO - 启动谷歌浏览器
2019-02-27 14:22:10,914 - BrowserEngin - INFO - 打开：http://127.0.0.1/forum.php
2019-02-27 14:22:11,369 - BrowserEngin - INFO - 窗口最大化
2019-02-27 14:22:11,372 - BrowserEngin - INFO - 等待10秒
2019-02-27 14:22:11,630 - BasePage - INFO - da打开站点
2019-02-27 14:22:14,825 - BasePage - INFO - 输入内容admin
2019-02-27 14:22:14,978 - BasePage - INFO - 输入内容root
2019-02-27 14:22:18,178 - BasePage - INFO - 已点击
2019-02-27 14:22:23,760 - BasePage - INFO - 已点击
2019-02-27 14:22:24,042 - BasePage - INFO - 已点击
2019-02-27 14:22:24,712 - BasePage - INFO - 已点击
2019-02-27 14:22:25,642 - BasePage - INFO - 已点击
2019-02-27 14:22:25,990 - BasePage - INFO - 已点击
2019-02-27 14:22:31,210 - BasePage - INFO - 已点击
2019-02-27 14:22:31,747 - BasePage - INFO - 已点击
2019-02-27 14:22:32,170 - BasePage - INFO - 已点击
2019-02-27 14:22:35,637 - BasePage - INFO - 已点击
2019-02-27 14:22:38,119 - BasePage - INFO - 输入内容wangwei
2019-02-27 14:22:38,288 - BasePage - INFO - 输入内容weishu0124
2019-02-27 14:22:41,459 - BasePage - INFO - 已点击
2019-02-27 14:22:42,464 - BasePage - INFO - 已点击
2019-02-27 14:22:42,959 - BasePage - INFO - 已点击
2019-02-27 14:22:43,310 - BasePage - INFO - 输入内容1111111111111111111
2019-02-27 14:22:43,646 - BasePage - INFO - 输入内容2222222222222222222222222
2019-02-27 14:23:06,142 - BasePage - INFO - 已点击
2019-02-27 14:23:06,370 - BasePage - INFO - 输入内容我已经回复了啦
2019-02-27 14:23:07,044 - BasePage - INFO - 已点击
2019-02-27 14:23:07,556 - BasePage - INFO - 已点击
