2019-02-28 17:26:32,511 - BrowserEngin - INFO - 选择Chrome浏览器
2019-02-28 17:26:32,512 - BrowserEngin - INFO - 测试URL是:http://127.0.0.1/forum.php
2019-02-28 17:26:34,115 - BrowserEngin - INFO - 启动谷歌浏览器
2019-02-28 17:26:34,972 - BrowserEngin - INFO - 打开：http://127.0.0.1/forum.php
2019-02-28 17:26:35,386 - BrowserEngin - INFO - 窗口最大化
2019-02-28 17:26:35,389 - BrowserEngin - INFO - 等待10秒
2019-02-28 17:26:35,630 - BasePage - INFO - da打开站点
2019-02-28 17:26:38,853 - BasePage - INFO - 输入内容wangwei
2019-02-28 17:26:39,033 - BasePage - INFO - 输入内容weishu0124
2019-02-28 17:26:42,190 - BasePage - INFO - 已点击
2019-02-28 17:26:47,786 - BasePage - INFO - 已点击
2019-02-28 17:26:48,518 - BasePage - INFO - 已点击
2019-02-28 17:26:52,285 - BasePage - INFO - 已点击
2019-02-28 17:26:52,617 - BasePage - INFO - 输入内容kkkkkkkkkkkkkkkk
2019-02-28 17:26:52,862 - BasePage - INFO - 输入内容2222222222
2019-02-28 17:26:53,076 - BasePage - INFO - 输入内容3333333333
2019-02-28 17:26:53,308 - BasePage - INFO - 输入内容44444444444
2019-02-28 17:26:53,521 - BasePage - INFO - 已点击
2019-02-28 17:27:08,680 - BasePage - INFO - 已点击
2019-02-28 17:27:09,792 - BasePage - INFO - 已点击
2019-02-28 17:27:09,918 - BasePage - INFO - 以获取
2019-02-28 17:27:10,015 - BasePage - INFO - 以获取
2019-02-28 17:27:10,100 - BasePage - INFO - 以获取
2019-02-28 17:27:10,199 - BasePage - INFO - 以获取
2019-02-28 17:27:10,289 - BasePage - INFO - 以获取
2019-02-28 17:27:10,387 - BasePage - INFO - 以获取
2019-02-28 17:27:10,473 - BasePage - INFO - 以获取
