2019-02-28 09:29:04,659 - BrowserEngin - INFO - 选择Chrome浏览器
2019-02-28 09:29:04,659 - BrowserEngin - INFO - 测试URL是:http://127.0.0.1/forum.php
2019-02-28 09:29:06,340 - BrowserEngin - INFO - 启动谷歌浏览器
2019-02-28 09:29:07,145 - BrowserEngin - INFO - 打开：http://127.0.0.1/forum.php
2019-02-28 09:29:07,569 - BrowserEngin - INFO - 窗口最大化
2019-02-28 09:29:07,571 - BrowserEngin - INFO - 等待10秒
2019-02-28 09:29:07,801 - BasePage - INFO - da打开站点
2019-02-28 09:29:10,997 - BasePage - INFO - 输入内容wangwei
2019-02-28 09:29:11,191 - BasePage - INFO - 输入内容weishu0124
2019-02-28 09:29:14,366 - BasePage - INFO - 已点击
2019-02-28 09:29:19,994 - BasePage - INFO - 已点击
2019-02-28 09:29:20,748 - BasePage - INFO - 已点击
2019-02-28 09:29:24,481 - BasePage - INFO - 已点击
2019-02-28 09:29:24,833 - BasePage - INFO - 输入内容kkkkkkkkkkkkkkkk
2019-02-28 09:29:25,050 - BasePage - INFO - 输入内容2222222222
2019-02-28 09:29:25,258 - BasePage - INFO - 输入内容3333333333
2019-02-28 09:29:25,482 - BasePage - INFO - 输入内容44444444444
2019-02-28 09:29:25,690 - BasePage - INFO - 已点击
2019-02-28 09:29:40,848 - BasePage - INFO - 已点击
2019-02-28 09:29:42,022 - BasePage - INFO - 已点击
2019-02-28 09:29:42,140 - BasePage - INFO - 以获取
2019-02-28 09:29:42,239 - BasePage - INFO - 以获取
2019-02-28 09:29:42,329 - BasePage - INFO - 以获取
2019-02-28 09:29:42,416 - BasePage - INFO - 以获取
