2019-02-28 09:59:48,884 - BrowserEngin - INFO - 选择Chrome浏览器
2019-02-28 09:59:48,885 - BrowserEngin - INFO - 测试URL是:http://127.0.0.1/forum.php
2019-02-28 09:59:50,595 - BrowserEngin - INFO - 启动谷歌浏览器
2019-02-28 09:59:51,548 - BrowserEngin - INFO - 打开：http://127.0.0.1/forum.php
2019-02-28 09:59:51,957 - BrowserEngin - INFO - 窗口最大化
2019-02-28 09:59:51,961 - BrowserEngin - INFO - 等待10秒
2019-02-28 09:59:52,226 - BasePage - INFO - da打开站点
2019-02-28 09:59:55,440 - BasePage - INFO - 输入内容wangwei
2019-02-28 09:59:55,609 - BasePage - INFO - 输入内容weishu0124
2019-02-28 09:59:58,769 - BasePage - INFO - 已点击
2019-02-28 10:00:04,383 - BasePage - INFO - 已点击
2019-02-28 10:00:05,223 - BasePage - INFO - 已点击
2019-02-28 10:00:08,946 - BasePage - INFO - 已点击
2019-02-28 10:00:09,280 - BasePage - INFO - 输入内容kkkkkkkkkkkkkkkk
2019-02-28 10:00:09,516 - BasePage - INFO - 输入内容2222222222
2019-02-28 10:00:09,743 - BasePage - INFO - 输入内容3333333333
2019-02-28 10:00:09,977 - BasePage - INFO - 输入内容44444444444
2019-02-28 10:00:10,192 - BasePage - INFO - 已点击
2019-02-28 10:00:25,357 - BasePage - INFO - 已点击
2019-02-28 10:00:26,630 - BasePage - INFO - 已点击
2019-02-28 10:00:26,740 - BasePage - INFO - 以获取
2019-02-28 10:00:26,839 - BasePage - INFO - 以获取
2019-02-28 10:00:26,926 - BasePage - INFO - 以获取
2019-02-28 10:00:27,025 - BasePage - INFO - 以获取
2019-02-28 10:00:27,124 - BasePage - INFO - 以获取
2019-02-28 10:00:27,228 - BasePage - INFO - 以获取
2019-02-28 10:00:27,323 - BasePage - INFO - 以获取
