2019-02-28 11:02:02,349 - BrowserEngin - INFO - 选择Chrome浏览器
2019-02-28 11:02:02,349 - BrowserEngin - INFO - 测试URL是:http://127.0.0.1/forum.php
2019-02-28 11:02:03,864 - BrowserEngin - INFO - 启动谷歌浏览器
2019-02-28 11:02:04,699 - BrowserEngin - INFO - 打开：http://127.0.0.1/forum.php
2019-02-28 11:02:05,120 - BrowserEngin - INFO - 窗口最大化
2019-02-28 11:02:05,123 - BrowserEngin - INFO - 等待10秒
2019-02-28 11:02:05,359 - BasePage - INFO - da打开站点
2019-02-28 11:02:08,570 - BasePage - INFO - 输入内容admin
2019-02-28 11:02:08,713 - BasePage - INFO - 输入内容root
2019-02-28 11:02:11,866 - BasePage - INFO - 已点击
2019-02-28 11:02:17,531 - BasePage - INFO - 已点击
2019-02-28 11:02:17,879 - BasePage - INFO - 输入内容wwwkgsndswwwww
2019-02-28 11:02:18,280 - BasePage - INFO - 输入内容内容我佛of上峰水ddd泥烦恼是的烦恼是你看看是
2019-02-28 11:02:19,928 - BasePage - INFO - 已点击
2019-02-28 11:02:20,130 - BasePage - INFO - 输入内容拉拉阿拉啦啦啦
2019-02-28 11:02:20,602 - BasePage - INFO - 已点击
2019-02-28 11:02:20,853 - BasePage - INFO - 已点击
2019-02-28 11:02:20,855 - BrowserEngin - INFO - 选择Chrome浏览器
2019-02-28 11:02:20,855 - BrowserEngin - INFO - 测试URL是:http://127.0.0.1/forum.php
2019-02-28 11:02:22,508 - BrowserEngin - INFO - 启动谷歌浏览器
2019-02-28 11:02:23,370 - BrowserEngin - INFO - 打开：http://127.0.0.1/forum.php
2019-02-28 11:02:23,813 - BrowserEngin - INFO - 窗口最大化
2019-02-28 11:02:23,815 - BrowserEngin - INFO - 等待10秒
2019-02-28 11:02:24,084 - BasePage - INFO - da打开站点
2019-02-28 11:02:27,305 - BasePage - INFO - 输入内容admin
2019-02-28 11:02:27,463 - BasePage - INFO - 输入内容root
2019-02-28 11:02:30,616 - BasePage - INFO - 已点击
2019-02-28 11:02:36,280 - BasePage - INFO - 已点击
2019-02-28 11:02:36,537 - BasePage - INFO - 已点击
2019-02-28 11:02:37,386 - BasePage - INFO - 已点击
2019-02-28 11:02:38,248 - BasePage - INFO - 已点击
2019-02-28 11:02:38,529 - BasePage - INFO - 已点击
2019-02-28 11:02:43,736 - BasePage - INFO - 已点击
2019-02-28 11:02:44,248 - BasePage - INFO - 已点击
2019-02-28 11:02:44,709 - BasePage - INFO - 已点击
2019-02-28 11:02:48,201 - BasePage - INFO - 已点击
2019-02-28 11:02:50,823 - BasePage - INFO - 输入内容wangwei
2019-02-28 11:02:51,043 - BasePage - INFO - 输入内容weishu0124
2019-02-28 11:02:54,201 - BasePage - INFO - 已点击
2019-02-28 11:02:55,264 - BasePage - INFO - 已点击
2019-02-28 11:02:55,765 - BasePage - INFO - 已点击
2019-02-28 11:02:56,094 - BasePage - INFO - 输入内容1111111111111111111
2019-02-28 11:02:56,461 - BasePage - INFO - 输入内容2222222222222222222222222
2019-02-28 11:02:58,349 - BasePage - INFO - 已点击
2019-02-28 11:02:58,570 - BasePage - INFO - 输入内容我已经回复了啦
2019-02-28 11:02:58,987 - BasePage - INFO - 已点击
2019-02-28 11:02:59,389 - BasePage - INFO - 已点击
2019-02-28 11:02:59,391 - BrowserEngin - INFO - 选择Chrome浏览器
2019-02-28 11:02:59,392 - BrowserEngin - INFO - 测试URL是:http://127.0.0.1/forum.php
2019-02-28 11:03:00,973 - BrowserEngin - INFO - 启动谷歌浏览器
2019-02-28 11:03:02,166 - BrowserEngin - INFO - 打开：http://127.0.0.1/forum.php
2019-02-28 11:03:02,600 - BrowserEngin - INFO - 窗口最大化
2019-02-28 11:03:02,602 - BrowserEngin - INFO - 等待10秒
2019-02-28 11:03:02,846 - BasePage - INFO - da打开站点
2019-02-28 11:03:06,081 - BasePage - INFO - 输入内容wangwei
2019-02-28 11:03:06,264 - BasePage - INFO - 输入内容weishu0124
2019-02-28 11:03:09,474 - BasePage - INFO - 已点击
2019-02-28 11:03:12,675 - BasePage - INFO - 输入内容haotest
2019-02-28 11:03:12,841 - BasePage - INFO - 已点击
2019-02-28 11:03:18,099 - BasePage - INFO - 已点击
2019-02-28 11:03:23,637 - BasePage - INFO - 已点击
2019-02-28 11:03:23,639 - BrowserEngin - INFO - 选择Chrome浏览器
2019-02-28 11:03:23,639 - BrowserEngin - INFO - 测试URL是:http://127.0.0.1/forum.php
2019-02-28 11:03:25,560 - BrowserEngin - INFO - 启动谷歌浏览器
2019-02-28 11:03:26,817 - BrowserEngin - INFO - 打开：http://127.0.0.1/forum.php
2019-02-28 11:03:27,215 - BrowserEngin - INFO - 窗口最大化
2019-02-28 11:03:27,219 - BrowserEngin - INFO - 等待10秒
2019-02-28 11:03:27,518 - BasePage - INFO - da打开站点
2019-02-28 11:03:30,720 - BasePage - INFO - 输入内容wangwei
2019-02-28 11:03:30,924 - BasePage - INFO - 输入内容weishu0124
2019-02-28 11:03:34,143 - BasePage - INFO - 已点击
2019-02-28 11:03:39,858 - BasePage - INFO - 已点击
2019-02-28 11:03:40,577 - BasePage - INFO - 已点击
2019-02-28 11:03:44,322 - BasePage - INFO - 已点击
2019-02-28 11:03:44,677 - BasePage - INFO - 输入内容kkkkkkkkkkkkkkkk
2019-02-28 11:03:44,903 - BasePage - INFO - 输入内容2222222222
2019-02-28 11:03:45,129 - BasePage - INFO - 输入内容3333333333
2019-02-28 11:03:45,362 - BasePage - INFO - 输入内容44444444444
2019-02-28 11:03:45,594 - BasePage - INFO - 已点击
2019-02-28 11:04:29,138 - BasePage - INFO - 已点击
2019-02-28 11:04:30,194 - BasePage - INFO - 已点击
2019-02-28 11:04:30,303 - BasePage - INFO - 以获取
2019-02-28 11:04:30,407 - BasePage - INFO - 以获取
2019-02-28 11:04:30,503 - BasePage - INFO - 以获取
2019-02-28 11:04:30,602 - BasePage - INFO - 以获取
2019-02-28 11:04:30,700 - BasePage - INFO - 以获取
2019-02-28 11:04:30,802 - BasePage - INFO - 以获取
2019-02-28 11:04:30,897 - BasePage - INFO - 以获取
