2019-02-28 19:27:18,724 - BrowserEngin - INFO - 选择Chrome浏览器
2019-02-28 19:27:18,724 - BrowserEngin - INFO - 测试URL是:http://127.0.0.1/forum.php
2019-02-28 19:27:20,257 - BrowserEngin - INFO - 启动谷歌浏览器
2019-02-28 19:27:21,349 - BrowserEngin - INFO - 打开：http://127.0.0.1/forum.php
2019-02-28 19:27:21,594 - BrowserEngin - INFO - 窗口最大化
2019-02-28 19:27:21,598 - BrowserEngin - INFO - 等待10秒
2019-02-28 19:27:21,993 - BasePage - INFO - da打开站点
2019-02-28 19:27:25,199 - BasePage - INFO - 输入内容admin
2019-02-28 19:27:25,381 - BasePage - INFO - 输入内容root
2019-02-28 19:27:30,412 - BasePage - ERROR - <pageobjects.Disscuz_homepage.HomePage object at 0x0000000002DAAA20>页面未能找到('css selector', '.fastlg_l button') 元素
2019-02-28 19:27:30,412 - BasePage - ERROR - 未点击'NoneType' object has no attribute 'click'
2019-02-28 19:27:54,001 - BrowserEngin - INFO - 选择Chrome浏览器
2019-02-28 19:27:54,001 - BrowserEngin - INFO - 测试URL是:http://127.0.0.1/forum.php
2019-02-28 19:27:55,561 - BrowserEngin - INFO - 启动谷歌浏览器
2019-02-28 19:27:57,270 - BrowserEngin - INFO - 打开：http://127.0.0.1/forum.php
2019-02-28 19:27:57,404 - BrowserEngin - INFO - 窗口最大化
2019-02-28 19:27:57,407 - BrowserEngin - INFO - 等待10秒
2019-02-28 19:27:57,636 - BasePage - INFO - da打开站点
2019-02-28 19:28:00,829 - BasePage - INFO - 输入内容admin
2019-02-28 19:28:00,985 - BasePage - INFO - 输入内容root
2019-02-28 19:28:04,151 - BasePage - INFO - 已点击
2019-02-28 19:28:09,713 - BasePage - INFO - 已点击
2019-02-28 19:28:10,107 - BasePage - INFO - 输入内容wwwkgsndswwwww
2019-02-28 19:28:10,606 - BasePage - INFO - 输入内容内容我佛of上峰水ddd泥烦恼是的烦恼是你看看是
2019-02-28 19:28:10,852 - BasePage - INFO - 已点击
2019-02-28 19:28:11,026 - BasePage - INFO - 输入内容拉拉阿拉啦啦啦
2019-02-28 19:28:21,584 - BasePage - ERROR - <pageobjects.Disscuz_homepage.HomePage object at 0x0000000002D7AA58>页面未能找到('css selector', '.plc button') 元素
2019-02-28 19:28:21,584 - BasePage - ERROR - 未点击'NoneType' object has no attribute 'click'
2019-02-28 19:28:22,041 - BasePage - INFO - 已点击
