2019-02-28 09:17:03,960 - BrowserEngin - INFO - 选择Chrome浏览器
2019-02-28 09:17:03,960 - BrowserEngin - INFO - 测试URL是:http://127.0.0.1/forum.php
2019-02-28 09:17:05,507 - BrowserEngin - INFO - 启动谷歌浏览器
2019-02-28 09:17:06,256 - BrowserEngin - INFO - 打开：http://127.0.0.1/forum.php
2019-02-28 09:17:06,668 - BrowserEngin - INFO - 窗口最大化
2019-02-28 09:17:06,671 - BrowserEngin - INFO - 等待10秒
2019-02-28 09:17:06,908 - BasePage - INFO - da打开站点
2019-02-28 09:17:10,155 - BasePage - INFO - 输入内容wangwei
2019-02-28 09:17:10,362 - BasePage - INFO - 输入内容weishu0124
2019-02-28 09:17:13,513 - BasePage - INFO - 已点击
2019-02-28 09:17:19,133 - BasePage - INFO - 已点击
2019-02-28 09:17:20,344 - BasePage - INFO - 已点击
2019-02-28 09:17:24,082 - BasePage - INFO - 已点击
2019-02-28 09:17:24,419 - BasePage - INFO - 输入内容kkkkkkkkkkkkkkkk
2019-02-28 09:17:24,632 - BasePage - INFO - 输入内容2222222222
2019-02-28 09:17:24,838 - BasePage - INFO - 输入内容3333333333
2019-02-28 09:17:25,063 - BasePage - INFO - 输入内容44444444444
2019-02-28 09:17:25,274 - BasePage - INFO - 已点击
2019-02-28 09:17:40,449 - BasePage - INFO - 已点击
2019-02-28 09:17:41,568 - BasePage - INFO - 已点击
