2019-02-28 09:22:52,040 - BrowserEngin - INFO - 选择Chrome浏览器
2019-02-28 09:22:52,040 - BrowserEngin - INFO - 测试URL是:http://127.0.0.1/forum.php
2019-02-28 09:22:53,761 - BrowserEngin - INFO - 启动谷歌浏览器
2019-02-28 09:22:54,588 - BrowserEngin - INFO - 打开：http://127.0.0.1/forum.php
2019-02-28 09:22:54,995 - BrowserEngin - INFO - 窗口最大化
2019-02-28 09:22:54,998 - BrowserEngin - INFO - 等待10秒
2019-02-28 09:22:55,250 - BasePage - INFO - da打开站点
2019-02-28 09:22:58,464 - BasePage - INFO - 输入内容wangwei
2019-02-28 09:22:58,634 - BasePage - INFO - 输入内容weishu0124
2019-02-28 09:23:01,811 - BasePage - INFO - 已点击
2019-02-28 09:23:07,455 - BasePage - INFO - 已点击
2019-02-28 09:23:08,182 - BasePage - INFO - 已点击
2019-02-28 09:23:11,916 - BasePage - INFO - 已点击
2019-02-28 09:23:12,263 - BasePage - INFO - 输入内容kkkkkkkkkkkkkkkk
2019-02-28 09:23:12,479 - BasePage - INFO - 输入内容2222222222
2019-02-28 09:23:12,685 - BasePage - INFO - 输入内容3333333333
2019-02-28 09:23:12,911 - BasePage - INFO - 输入内容44444444444
2019-02-28 09:23:13,115 - BasePage - INFO - 已点击
2019-02-28 09:23:28,298 - BasePage - INFO - 已点击
2019-02-28 09:23:29,305 - BasePage - INFO - 已点击
