2019-02-27 13:53:42,562 - BrowserEngin - INFO - 选择Chrome浏览器
2019-02-27 13:53:42,562 - BrowserEngin - INFO - 测试URL是:http://127.0.0.1/forum.php
2019-02-27 13:53:44,106 - BrowserEngin - INFO - 启动谷歌浏览器
2019-02-27 13:53:44,928 - BrowserEngin - INFO - 打开：http://127.0.0.1/forum.php
2019-02-27 13:53:45,340 - BrowserEngin - INFO - 窗口最大化
2019-02-27 13:53:45,343 - BrowserEngin - INFO - 等待10秒
2019-02-27 13:53:45,582 - BasePage - INFO - da打开站点
2019-02-27 13:53:48,776 - BasePage - INFO - 输入内容admin
2019-02-27 13:53:48,932 - BasePage - INFO - 输入内容root
2019-02-27 13:53:52,075 - BasePage - INFO - 已点击
2019-02-27 13:53:57,636 - BasePage - INFO - 已点击
2019-02-27 13:53:57,880 - BasePage - INFO - 已点击
2019-02-27 13:53:58,387 - BasePage - INFO - 已点击
2019-02-27 13:53:59,209 - BasePage - INFO - 已点击
2019-02-27 13:53:59,461 - BasePage - INFO - 已点击
2019-02-27 13:54:04,674 - BasePage - INFO - 已点击
2019-02-27 13:54:05,178 - BasePage - INFO - 已点击
2019-02-27 13:54:05,577 - BasePage - INFO - 已点击
2019-02-27 13:54:09,033 - BasePage - INFO - 已点击
2019-02-27 13:54:11,488 - BasePage - INFO - 输入内容wangwei
2019-02-27 13:54:11,666 - BasePage - INFO - 输入内容weishu0124
2019-02-27 13:54:14,823 - BasePage - INFO - 已点击
2019-02-27 13:54:30,361 - BasePage - ERROR - <pageobjects.Disscuz_homepage.HomePage object at 0x0000000002DAAA90>页面未能找到('css selector', '.fl_tb h2 a') 元素
2019-02-27 13:54:30,361 - BasePage - ERROR - 未点击'NoneType' object has no attribute 'click'
2019-02-27 13:54:40,888 - BasePage - ERROR - <pageobjects.Disscuz_homepage.HomePage object at 0x0000000002DAAA90>页面未能找到('css selector', '.fl_row h2 a') 元素
2019-02-27 13:54:40,888 - BasePage - ERROR - 未点击'NoneType' object has no attribute 'click'
2019-02-27 13:54:41,175 - BasePage - INFO - 输入内容1111111111111111111
2019-02-27 13:54:41,497 - BasePage - INFO - 输入内容2222222222222222222222222
2019-02-27 13:54:42,879 - BasePage - INFO - 已点击
2019-02-27 13:54:53,405 - BasePage - ERROR - <pageobjects.Disscuz_homepage.HomePage object at 0x0000000002DAAA90>页面未能找到('css selector', '.bm_c button') 元素
2019-02-27 13:54:53,405 - BasePage - ERROR - 未点击'NoneType' object has no attribute 'click'
